{
  "stats": {
    "suites": 1,
    "tests": 1,
    "passes": 1,
    "pending": 0,
    "failures": 0,
    "start": "2022-12-18T00:17:31.836Z",
    "end": "2022-12-18T00:17:35.130Z",
    "duration": 3294,
    "testsRegistered": 1,
    "passPercent": 100,
    "pendingPercent": 0,
    "other": 0,
    "hasOther": false,
    "skipped": 0,
    "hasSkipped": false
  },
  "results": [
    {
      "uuid": "d1024f8c-b7dc-4455-8931-1c9e3bf6d2a0",
      "title": "",
      "fullFile": "cypress/e2e/products.cy.js",
      "file": "cypress/e2e/products.cy.js",
      "beforeHooks": [],
      "afterHooks": [],
      "tests": [],
      "suites": [
        {
          "uuid": "eff27668-7252-4b36-97a4-e26373495852",
          "title": "Base test",
          "fullFile": "",
          "file": "",
          "beforeHooks": [],
          "afterHooks": [],
          "tests": [
            {
              "title": "home page",
              "fullTitle": "Base test home page",
              "timedOut": null,
              "duration": 1383,
              "state": "passed",
              "speed": "fast",
              "pass": true,
              "fail": false,
              "pending": false,
              "context": null,
              "code": "cy.homePage().login(\"standard_user\", \"secret_sauce\").validate_products_page_displayed().products_add_to_cart_highest_price().validate_highest_prices_in_cart();",
              "err": {},
              "uuid": "dad4b185-640d-4fc0-8020-c8c62a3b649d",
              "parentUUID": "eff27668-7252-4b36-97a4-e26373495852",
              "isHook": false,
              "skipped": false
            }
          ],
          "suites": [],
          "passes": [
            "dad4b185-640d-4fc0-8020-c8c62a3b649d"
          ],
          "failures": [],
          "pending": [],
          "skipped": [],
          "duration": 1383,
          "root": false,
          "rootEmpty": false,
          "_timeout": 2000
        }
      ],
      "passes": [],
      "failures": [],
      "pending": [],
      "skipped": [],
      "duration": 0,
      "root": true,
      "rootEmpty": true,
      "_timeout": 2000
    }
  ],
  "meta": {
    "mocha": {
      "version": "7.0.1"
    },
    "mochawesome": {
      "options": {
        "quiet": false,
        "reportFilename": "mochawesome",
        "saveHtml": true,
        "saveJson": true,
        "consoleReporter": "spec",
        "useInlineDiffs": false,
        "code": true
      },
      "version": "7.1.3"
    },
    "marge": {
      "options": {
        "reportDir": "results",
        "overwrite": false,
        "html": true,
        "json": true
      },
      "version": "6.2.0"
    }
  }
}